<?xml version="1.0" encoding="UTF-8"?>
<!-- Generated by org.testng.reporters.JUnitReportReporter -->
<testsuite skipped="0" hostname="MX-IT00714" name="com.globantu.automation.jose_colin.TestTravelocity" tests="1" failures="0" timestamp="13 nov 2017 23:39:14 GMT" time="25.584" errors="1">
  <testcase name="testMenu" time="25.584" classname="com.globantu.automation.jose_colin.TestTravelocity">
    <error type="org.openqa.selenium.WebDriverException" message="unknown error: Element &lt;button type=&quot;button&quot; class=&quot;btn-secondary btn-action t-select-btn&quot; data-test-id=&quot;select-button&quot; data-bargain-fare=&quot;false&quot; data-click-handler=&quot;select-flight,omnitureClickHandler&quot; data-prevent-expand=&quot;true&quot; data-omniture-rfrr=&quot;Select.Offer8.BestValue&quot; data-trip-id=&quot;2018-04-01t06:30:00-07:00-coach-las-lax-ua-324;2018-05-01t22:40:00-07:00-coach-lax-las-aa-354;&quot; data-offer-index=&quot;&quot; data-has-fare=&quot;true&quot; data-leg-indexes=&quot;4,5&quot; data-superlatives=&quot;BV,ST&quot; data-outbound-airlinecodes=&quot;UA&quot; data-inbound-airlinecodes=&quot;&quot; data-is-cached=&quot;false&quot; data-result-token=&quot;v5-db0dd6c946551da7bb2edf8b255243a5&quot; data-air-provider-id=&quot;2&quot; data-flight-fare-type-code=&quot;P&quot; data-flight-fare-type-value=&quot;1&quot; data-is-split-ticket=&quot;true&quot; data-discount=&quot;0&quot; data-is-packageable=&quot;true&quot; data-leg0-natural-key=&quot;633696b176c91264cbf6271d24915fc6&quot;&gt;...&lt;/button&gt; is not clickable at point (957, 573). Other element would receive the click: &lt;div class=&quot;flex-area-primary&quot;&gt;...&lt;/div&gt;
  (Session info: chrome=62.0.3202.89)
  (Driver info: chromedriver=2.33.506120 (e3e53437346286c0bc2d2dc9aa4915ba81d9023f),platform=Windows NT 10.0.16299 x86_64) (WARNING: The server did not provide any stacktrace information)
Command duration or timeout: 0 milliseconds
Build info: version: &#039;3.7.1&#039;, revision: &#039;8a0099a&#039;, time: &#039;2017-11-06T21:01:39.354Z&#039;
System info: host: &#039;MX-IT00714&#039;, ip: &#039;10.230.10.60&#039;, os.name: &#039;Windows 10&#039;, os.arch: &#039;amd64&#039;, os.version: &#039;10.0&#039;, java.version: &#039;1.8.0_151&#039;
Driver info: org.openqa.selenium.chrome.ChromeDriver
Capabilities {acceptSslCerts: true, applicationCacheEnabled: false, browserConnectionEnabled: false, browserName: chrome, chrome: {chromedriverVersion: 2.33.506120 (e3e53437346286..., userDataDir: C:\Users\JOSE~1.COL\AppData...}, cssSelectorsEnabled: true, databaseEnabled: false, handlesAlerts: true, hasTouchScreen: false, javascriptEnabled: true, locationContextEnabled: true, mobileEmulationEnabled: false, nativeEvents: true, networkConnectionEnabled: false, pageLoadStrategy: normal, platform: XP, platformName: XP, rotatable: false, setWindowRect: true, takesHeapSnapshot: true, takesScreenshot: true, unexpectedAlertBehaviour: , unhandledPromptBehavior: , version: 62.0.3202.89, webStorageEnabled: true}
Session ID: abb9c5b841079387b49c5059bf5ac343">
      <![CDATA[org.openqa.selenium.WebDriverException: unknown error: Element <button type="button" class="btn-secondary btn-action t-select-btn" data-test-id="select-button" data-bargain-fare="false" data-click-handler="select-flight,omnitureClickHandler" data-prevent-expand="true" data-omniture-rfrr="Select.Offer8.BestValue" data-trip-id="2018-04-01t06:30:00-07:00-coach-las-lax-ua-324;2018-05-01t22:40:00-07:00-coach-lax-las-aa-354;" data-offer-index="" data-has-fare="true" data-leg-indexes="4,5" data-superlatives="BV,ST" data-outbound-airlinecodes="UA" data-inbound-airlinecodes="" data-is-cached="false" data-result-token="v5-db0dd6c946551da7bb2edf8b255243a5" data-air-provider-id="2" data-flight-fare-type-code="P" data-flight-fare-type-value="1" data-is-split-ticket="true" data-discount="0" data-is-packageable="true" data-leg0-natural-key="633696b176c91264cbf6271d24915fc6">...</button> is not clickable at point (957, 573). Other element would receive the click: <div class="flex-area-primary">...</div>
  (Session info: chrome=62.0.3202.89)
  (Driver info: chromedriver=2.33.506120 (e3e53437346286c0bc2d2dc9aa4915ba81d9023f),platform=Windows NT 10.0.16299 x86_64) (WARNING: The server did not provide any stacktrace information)
Command duration or timeout: 0 milliseconds
Build info: version: '3.7.1', revision: '8a0099a', time: '2017-11-06T21:01:39.354Z'
System info: host: 'MX-IT00714', ip: '10.230.10.60', os.name: 'Windows 10', os.arch: 'amd64', os.version: '10.0', java.version: '1.8.0_151'
Driver info: org.openqa.selenium.chrome.ChromeDriver
Capabilities {acceptSslCerts: true, applicationCacheEnabled: false, browserConnectionEnabled: false, browserName: chrome, chrome: {chromedriverVersion: 2.33.506120 (e3e53437346286..., userDataDir: C:\Users\JOSE~1.COL\AppData...}, cssSelectorsEnabled: true, databaseEnabled: false, handlesAlerts: true, hasTouchScreen: false, javascriptEnabled: true, locationContextEnabled: true, mobileEmulationEnabled: false, nativeEvents: true, networkConnectionEnabled: false, pageLoadStrategy: normal, platform: XP, platformName: XP, rotatable: false, setWindowRect: true, takesHeapSnapshot: true, takesScreenshot: true, unexpectedAlertBehaviour: , unhandledPromptBehavior: , version: 62.0.3202.89, webStorageEnabled: true}
Session ID: abb9c5b841079387b49c5059bf5ac343
	at sun.reflect.NativeConstructorAccessorImpl.newInstance0(Native Method)
	at sun.reflect.NativeConstructorAccessorImpl.newInstance(Unknown Source)
	at sun.reflect.DelegatingConstructorAccessorImpl.newInstance(Unknown Source)
	at java.lang.reflect.Constructor.newInstance(Unknown Source)
	at org.openqa.selenium.remote.ErrorHandler.createThrowable(ErrorHandler.java:214)
	at org.openqa.selenium.remote.ErrorHandler.throwIfResponseFailed(ErrorHandler.java:166)
	at org.openqa.selenium.remote.http.JsonHttpResponseCodec.reconstructValue(JsonHttpResponseCodec.java:40)
	at org.openqa.selenium.remote.http.AbstractHttpResponseCodec.decode(AbstractHttpResponseCodec.java:80)
	at org.openqa.selenium.remote.http.AbstractHttpResponseCodec.decode(AbstractHttpResponseCodec.java:44)
	at org.openqa.selenium.remote.HttpCommandExecutor.execute(HttpCommandExecutor.java:164)
	at org.openqa.selenium.remote.service.DriverCommandExecutor.execute(DriverCommandExecutor.java:83)
	at org.openqa.selenium.remote.RemoteWebDriver.execute(RemoteWebDriver.java:600)
	at org.openqa.selenium.remote.RemoteWebElement.execute(RemoteWebElement.java:279)
	at org.openqa.selenium.remote.RemoteWebElement.click(RemoteWebElement.java:83)
	at sun.reflect.NativeMethodAccessorImpl.invoke0(Native Method)
	at sun.reflect.NativeMethodAccessorImpl.invoke(Unknown Source)
	at sun.reflect.DelegatingMethodAccessorImpl.invoke(Unknown Source)
	at java.lang.reflect.Method.invoke(Unknown Source)
	at org.openqa.selenium.support.pagefactory.internal.LocatingElementHandler.invoke(LocatingElementHandler.java:51)
	at com.sun.proxy.$Proxy10.click(Unknown Source)
	at com.globantu.automation.jose_colin.Page2.inicio(Page2.java:62)
	at com.globantu.automation.jose_colin.TestTravelocity.testMenu(TestTravelocity.java:18)
	at sun.reflect.NativeMethodAccessorImpl.invoke0(Native Method)
	at sun.reflect.NativeMethodAccessorImpl.invoke(Unknown Source)
	at sun.reflect.DelegatingMethodAccessorImpl.invoke(Unknown Source)
	at java.lang.reflect.Method.invoke(Unknown Source)
	at org.testng.internal.MethodInvocationHelper.invokeMethod(MethodInvocationHelper.java:108)
	at org.testng.internal.Invoker.invokeMethod(Invoker.java:661)
	at org.testng.internal.Invoker.invokeTestMethod(Invoker.java:869)
	at org.testng.internal.Invoker.invokeTestMethods(Invoker.java:1193)
	at org.testng.internal.TestMethodWorker.invokeTestMethods(TestMethodWorker.java:126)
	at org.testng.internal.TestMethodWorker.run(TestMethodWorker.java:109)
	at org.testng.TestRunner.privateRun(TestRunner.java:744)
	at org.testng.TestRunner.run(TestRunner.java:602)
	at org.testng.SuiteRunner.runTest(SuiteRunner.java:380)
	at org.testng.SuiteRunner.runSequentially(SuiteRunner.java:375)
	at org.testng.SuiteRunner.privateRun(SuiteRunner.java:340)
	at org.testng.SuiteRunner.run(SuiteRunner.java:289)
	at org.testng.SuiteRunnerWorker.runSuite(SuiteRunnerWorker.java:52)
	at org.testng.SuiteRunnerWorker.run(SuiteRunnerWorker.java:86)
	at org.testng.TestNG.runSuitesSequentially(TestNG.java:1301)
	at org.testng.TestNG.runSuitesLocally(TestNG.java:1226)
	at org.testng.TestNG.runSuites(TestNG.java:1144)
	at org.testng.TestNG.run(TestNG.java:1115)
	at org.testng.remote.AbstractRemoteTestNG.run(AbstractRemoteTestNG.java:114)
	at org.testng.remote.RemoteTestNG.initAndRun(RemoteTestNG.java:251)
	at org.testng.remote.RemoteTestNG.main(RemoteTestNG.java:77)
]]>
    </error>
  </testcase> <!-- testMenu -->
</testsuite> <!-- com.globantu.automation.jose_colin.TestTravelocity -->
